<?xml version="1.0" encoding="UTF-8"?>
<!-- Generated by org.testng.reporters.JUnitReportReporter -->
<testsuite skipped="0" hostname="savans-MBP.home" name="com.facebook.tests.LoginPageTest" tests="1" failures="0" timestamp="21 May 2018 15:44:38 GMT" time="6.359" errors="0">
  <testcase name="verifyValidLogin" time="6.359" classname="com.facebook.tests.LoginPageTest"/>
</testsuite> <!-- com.facebook.tests.LoginPageTest -->
