<?xml version="1.0" encoding="UTF-8"?>
<!-- Generated by org.testng.reporters.JUnitReportReporter -->
<testsuite skipped="0" hostname="savans-MBP.home" name="com.facebook.tests.FacebookLoginTest" tests="1" failures="0" timestamp="22 May 2018 15:03:22 GMT" time="1.671" errors="0">
  <testcase name="loginTest" time="1.671" classname="com.facebook.tests.FacebookLoginTest"/>
</testsuite> <!-- com.facebook.tests.FacebookLoginTest -->
