<?xml version="1.0" encoding="UTF-8"?>
<!-- Generated by org.testng.reporters.JUnitReportReporter -->
<testsuite skipped="0" hostname="savans-MBP.home" name="com.facebook.tests.Login_Test" tests="2" failures="0" timestamp="22 May 2018 14:56:50 GMT" time="1.621" errors="0">
  <testcase name="loadPage" time="1.441" classname="com.facebook.tests.Login_Test"/>
  <testcase name="filloutEmailField" time="0.180" classname="com.facebook.tests.Login_Test"/>
</testsuite> <!-- com.facebook.tests.Login_Test -->
